0 info it worked if it ends with ok
1 verbose cli [ 'node', '/usr/local/bin/npm', 'start' ]
2 info using npm@1.4.3
3 info using node@v0.10.26
4 verbose run-script [ 'prestart', 'start', 'poststart' ]
5 info prestart angular-seed@0.0.0
6 info start angular-seed@0.0.0
7 verbose unsafe-perm in lifecycle true
8 info angular-seed@0.0.0 Failed to exec start script
9 error angular-seed@0.0.0 start: `http-server -p 8000`
9 error Exit status 8
10 error Failed at the angular-seed@0.0.0 start script.
10 error This is most likely a problem with the angular-seed package,
10 error not with npm itself.
10 error Tell the author that this fails on your system:
10 error     http-server -p 8000
10 error You can get their info via:
10 error     npm owner ls angular-seed
10 error There is likely additional logging output above.
11 error System Darwin 13.1.0
12 error command "node" "/usr/local/bin/npm" "start"
13 error cwd /Users/larsj/Dropbox/Lars/MIT/spring2014/6.813/proj/repo/picpik
14 error node -v v0.10.26
15 error npm -v 1.4.3
16 error code ELIFECYCLE
17 verbose exit [ 1, true ]
